0 silly argv {
0 silly argv   _: [ 'add' ],
0 silly argv   scope: 'domain-layer',
0 silly argv   globs: [],
0 silly argv   lernaVersion: '6.4.1',
0 silly argv   '$0': '/Users/apple/Desktop/workspace/mobile-react-native/node_modules/.bin/lerna',
0 silly argv   pkg: 'data'
0 silly argv }
1 notice cli v6.4.1
2 verbose rootPath /Users/apple/Desktop/workspace/mobile-react-native
3 error JSONError: Unexpected token "}" (0x7D) in JSON at position 780 while parsing near "...jest\": \"^29.4.2\",\n  }\n}" in packages/domain-layer/package.json
3 error
3 error [0m [90m 29 |[39m     [32m"di"[39m[33m:[39m [32m"^0.0.1"[39m[33m,[39m[0m
3 error [0m [90m 30 |[39m     [32m"jest"[39m[33m:[39m [32m"^29.4.2"[39m[33m,[39m[0m
3 error [0m[31m[1m>[22m[39m[90m 31 |[39m   }[0m
3 error [0m [90m    |[39m   [31m[1m^[22m[39m[0m
3 error [0m [90m 32 |[39m }[0m
3 error
3 error     at parseJson (/Users/apple/Desktop/workspace/mobile-react-native/node_modules/parse-json/index.js:29:21)
3 error     at parse (/Users/apple/Desktop/workspace/mobile-react-native/node_modules/load-json-file/index.js:15:9)
3 error     at module.exports (/Users/apple/Desktop/workspace/mobile-react-native/node_modules/load-json-file/index.js:18:47)
